[11/04/2022 17:03:52] Debug: Session id: 1116f47f-6249-4cdd-842a-21ac6b181b78
[11/04/2022 17:03:52] Debug: Code Processor information: Name :SnowConvert, Version: 11.0.39.0
[11/04/2022 17:03:53] Debug: Getting license
[11/04/2022 17:03:53] Debug: License information
	Status: Failed
	Message: No active license available.
[11/04/2022 17:03:53] Info: Starting to validate parameters
[11/04/2022 17:03:53] Info: Parameters to validate: 
	Execution mode: Conversion
	LICENSE_KEY: a3372138-b87e-4a08-b929-3b48b24c63f1
[11/04/2022 17:03:53] Info: Validation of parameters: Success
[11/04/2022 17:03:53] Debug: Getting code descriptor
[11/04/2022 17:03:53] Debug: Code descriptor information
	Units: 51
	Units type: LOC
	All file bytes: 2141
	All found extensions: .sql,.dml,.ddl,.bteq,.btq,.fl,.fload,.ml,.mload,.mld,.tp,.tpump,.tpt
[11/04/2022 17:03:53] Debug: Calculating fingerprint
[11/04/2022 17:03:53] Debug: Fingerprint information Fingerprint(size=2141,projects=1)
[11/04/2022 17:03:53] Info: Starting to try to validate online license for execution
[11/04/2022 17:03:55] Debug: Getting license
[11/04/2022 17:03:55] Debug: License information
	Status: Failed
	Message: No active license available.
[11/04/2022 17:03:55] Debug: Starting the execution of the controller
[11/04/2022 17:03:56] Debug: Executing the worker: SnowConvert
[11/04/2022 17:04:10] Debug: Finished executing the worker: SnowConvert
[11/04/2022 17:04:12] Info: Controller execution ended
